<?xml version="1.0" encoding="UTF-8"?>
<!-- Generated by org.testng.reporters.JUnitXMLReporter -->
<testsuite ignored="0" hostname="DESKTOP-M3CLOO2" failures="0" tests="4" name="Default test" time="29.351" errors="0" timestamp="2023-06-18T12:24:46 EDT">
  <testcase classname="practicePOMTestcases.HomePageTest" name="verifyHomePageTitleTest" time="0.033"/>
  <testcase classname="practicePOMTestcases.HomePageTest" name="verifyUserNameTest" time="0.271"/>
  <testcase classname="practicePOMTestcases.HomePageTest" name="verifyCustomerServiceLinkTest" time="0.919"/>
  <testcase classname="practicePOMTestcases.HomePageTest" name="verifyDealsLinkTest" time="1.253"/>
</testsuite> <!-- Default test -->
