<?xml version="1.0" encoding="UTF-8"?>
<testsuite xmlns:xsi="http://www.w3.org/2001/XMLSchema-instance" xsi:noNamespaceSchemaLocation="https://maven.apache.org/surefire/maven-surefire-plugin/xsd/surefire-test-report.xsd" name="TestSuite" time="116.065" tests="12" errors="0" skipped="0" failures="1">
  <properties>
[...]
</properties>
  <testcase name="verifyAmazonDevicesLink" classname="practicePOMTestcases.DealsPageTest" time="1.973"/>
  <testcase name="verifyHomePageTitleTest" classname="practicePOMTestcases.HomePageTest" time="0.006"/>
  <testcase name="verifyUserNameTest" classname="practicePOMTestcases.HomePageTest" time="0.232"/>
  <testcase name="verifyGroceryLinkTest" classname="practicePOMTestcases.HomePageTest" time="20.364">
    <failure message="Unable to locate element: Grocery&#10;For documentation on this error, please visit: https://www.seleniumhq.org/exceptions/no_such_element.html&#10;Build info: version: &apos;3.141.59&apos;, revision: &apos;e82be7d358&apos;, time: &apos;2018-11-14T08:17:03&apos;&#10;System info: host: &apos;DESKTOP-M3CLOO2&apos;, ip: &apos;192.168.0.107&apos;, os.name: &apos;Windows 10&apos;, os.arch: &apos;amd64&apos;, os.version: &apos;10.0&apos;, java.version: &apos;14.0.2&apos;&#10;Driver info: org.openqa.selenium.firefox.FirefoxDriver&#10;Capabilities {acceptInsecureCerts: true, browserName: firefox, browserVersion: 114.0.1, javascriptEnabled: true, moz:accessibilityChecks: false, moz:buildID: 20230608214645, moz:geckodriverVersion: 0.33.0, moz:headless: false, moz:platformVersion: 10.0, moz:processID: 31336, moz:profile: C:\Users\amitv\AppData\Loca..., moz:shutdownTimeout: 60000, moz:useNonSpecCompliantPointerOrigin: false, moz:webdriverClick: true, moz:windowless: false, pageLoadStrategy: normal, platform: WINDOWS, platformName: WINDOWS, proxy: Proxy(), setWindowRect: true, strictFileInteractability: false, timeouts: {implicit: 0, pageLoad: 300000, script: 30000}, unhandledPromptBehavior: dismiss and notify}&#10;Session ID: e48abaf8-dc41-4815-b7f0-fd87e6ba67bd&#10;*** Element info: {Using=link text, value=Grocery}" type="org.openqa.selenium.NoSuchElementException">org.openqa.selenium.NoSuchElementException: 
Unable to locate element: Grocery
For documentation on this error, please visit: https://www.seleniumhq.org/exceptions/no_such_element.html
Build info: version: '3.141.59', revision: 'e82be7d358', time: '2018-11-14T08:17:03'
System info: host: 'DESKTOP-M3CLOO2', ip: '192.168.0.107', os.name: 'Windows 10', os.arch: 'amd64', os.version: '10.0', java.version: '14.0.2'
Driver info: org.openqa.selenium.firefox.FirefoxDriver
Capabilities {acceptInsecureCerts: true, browserName: firefox, browserVersion: 114.0.1, javascriptEnabled: true, moz:accessibilityChecks: false, moz:buildID: 20230608214645, moz:geckodriverVersion: 0.33.0, moz:headless: false, moz:platformVersion: 10.0, moz:processID: 31336, moz:profile: C:\Users\amitv\AppData\Loca..., moz:shutdownTimeout: 60000, moz:useNonSpecCompliantPointerOrigin: false, moz:webdriverClick: true, moz:windowless: false, pageLoadStrategy: normal, platform: WINDOWS, platformName: WINDOWS, proxy: Proxy(), setWindowRect: true, strictFileInteractability: false, timeouts: {implicit: 0, pageLoad: 300000, script: 30000}, unhandledPromptBehavior: dismiss and notify}
Session ID: e48abaf8-dc41-4815-b7f0-fd87e6ba67bd
*** Element info: {Using=link text, value=Grocery}
	at practicePOMTestcases.HomePageTest.verifyGroceryLinkTest(HomePageTest.java:43)
</failure>
    <system-out><![CDATA[Before navigating to: 'https://www.amazon.ca/'
Navigated to:'https://www.amazon.ca/'
Trying to find Element By : By.id: nav-link-accountList-nav-line-1
Found Element By : By.id: nav-link-accountList-nav-line-1
Trying to click on: [[FirefoxDriver: firefox on WINDOWS (e48abaf8-dc41-4815-b7f0-fd87e6ba67bd)] -> id: nav-link-accountList-nav-line-1]
Clicked on: [[FirefoxDriver: firefox on WINDOWS (e48abaf8-dc41-4815-b7f0-fd87e6ba67bd)] -> id: nav-link-accountList-nav-line-1]
Trying to find Element By : By.name: email
Found Element By : By.name: email
Trying to find Element By : By.id: continue
Found Element By : By.id: continue
Trying to click on: [[FirefoxDriver: firefox on WINDOWS (e48abaf8-dc41-4815-b7f0-fd87e6ba67bd)] -> id: continue]
Clicked on: [[FirefoxDriver: firefox on WINDOWS (e48abaf8-dc41-4815-b7f0-fd87e6ba67bd)] -> id: continue]
Trying to find Element By : By.name: password
Found Element By : By.name: password
Trying to find Element By : By.id: signInSubmit
Found Element By : By.id: signInSubmit
Trying to click on: [[FirefoxDriver: firefox on WINDOWS (e48abaf8-dc41-4815-b7f0-fd87e6ba67bd)] -> id: signInSubmit]
Clicked on: [[FirefoxDriver: firefox on WINDOWS (e48abaf8-dc41-4815-b7f0-fd87e6ba67bd)] -> id: signInSubmit]
Trying to find Element By : By.linkText: Grocery
]]></system-out>
    <system-err><![CDATA[1686758233536	Marionette	INFO	Stopped listening on port 62658
Dynamically enable window occlusion 1
1686758235225	geckodriver	INFO	Listening on 127.0.0.1:36234
1686758235495	mozrunner::runner	INFO	Running command: "C:\\Program Files\\Mozilla Firefox\\firefox.exe" "--marionette" "-no-remote" "-profile" "C:\\Users\\amitv\\AppData\\Local\\Temp\\rust_mozprofileuIUQ8t"
console.warn: services.settings: Ignoring preference override of remote settings server
console.warn: services.settings: Allow by setting MOZ_REMOTE_SETTINGS_DEVTOOLS=1 in the environment
1686758235779	Marionette	INFO	Marionette enabled
Dynamically enable window occlusion 0
1686758235784	Marionette	INFO	Listening on port 62789
Read port: 62789
1686758235906	RemoteAgent	WARN	TLS certificate errors will be ignored for this session
Jun. 14, 2023 11:57:17 A.M. org.openqa.selenium.remote.ProtocolHandshake createSession
INFO: Detected dialect: W3C
JavaScript warning: https://www.amazon.ca/ line 1996 > injectedScript, line 1: WEBGL_debug_renderer_info is deprecated in Firefox and will be removed. Please use RENDERER.
JavaScript warning: https://www.amazon.ca/ap/signin?openid.pape.max_auth_age=0&openid.return_to=https%3A%2F%2Fwww.amazon.ca%2F%3Fref_%3Dnav_ya_signin&openid.identity=http%3A%2F%2Fspecs.openid.net%2Fauth%2F2.0%2Fidentifier_select&openid.assoc_handle=caflex&openid.mode=checkid_setup&openid.claimed_id=http%3A%2F%2Fspecs.openid.net%2Fauth%2F2.0%2Fidentifier_select&openid.ns=http%3A%2F%2Fspecs.openid.net%2Fauth%2F2.0& line 896 > injectedScript, line 1: WEBGL_debug_renderer_info is deprecated in Firefox and will be removed. Please use RENDERER.
console.warn: LoginRecipes: "Falling back to a synchronous message for: https://www.amazon.ca."
console.warn: LoginRecipes: "Falling back to a synchronous message for: https://www.amazon.ca."
JavaScript warning: https://www.amazon.ca/ap/signin line 879 > injectedScript, line 1: WEBGL_debug_renderer_info is deprecated in Firefox and will be removed. Please use RENDERER.
console.warn: LoginRecipes: "Falling back to a synchronous message for: https://www.amazon.ca."
console.warn: LoginRecipes: "Falling back to a synchronous message for: https://www.amazon.ca."
JavaScript warning: https://www.amazon.ca/?ref_=nav_ya_signin line 2033 > injectedScript, line 1: WEBGL_debug_renderer_info is deprecated in Firefox and will be removed. Please use RENDERER.
JavaScript warning: https://m.media-amazon.com/images/I/81FDsguCfqL.js?AUIClients/FWCIMAssets, line 298: WEBGL_debug_renderer_info is deprecated in Firefox and will be removed. Please use RENDERER.
]]></system-err>
  </testcase>
  <testcase name="verifyDealsLinkTest" classname="practicePOMTestcases.HomePageTest" time="1.354"/>
  <testcase name="loginPageTitleTest" classname="practicePOMTestcases.LoginPageTest" time="0.009"/>
  <testcase name="LogoImageTest" classname="practicePOMTestcases.LoginPageTest" time="0.373"/>
  <testcase name="loginTest" classname="practicePOMTestcases.LoginPageTest" time="2.687"/>
  <testcase name="signUpwithoutPassword" classname="practicePOMTestcases.SignUpTest" time="1.316"/>
  <testcase name="signUpwithmismatchPassword" classname="practicePOMTestcases.SignUpTest" time="5.369"/>
  <testcase name="signUpwithExistingUser" classname="practicePOMTestcases.SignUpTest" time="4.863"/>
  <testcase name="shouldAnswerWithTrue on shouldAnswerWithTrue(practicePOMTestcases.AppTest)" classname="practicePOMTestcases.AppTest" time="0.001"/>
</testsuite>